The system is: Linux - 2.6.18-274.el5 - x86_64
Compiling the C compiler identification source file "CMakeCCompilerId.c" succeeded.
Compiler: /usr/bin/cc 
Build flags: 
Id flags: 

The output was:
0


Compilation of the C compiler identification source "CMakeCCompilerId.c" produced "a.out"

The C compiler identification is GNU, found in "/mnt/hgfs/Devel/clavin/dependency/build/CMakeFiles/2.8.10.2/CompilerIdC/a.out"

Compiling the CXX compiler identification source file "CMakeCXXCompilerId.cpp" succeeded.
Compiler: /usr/bin/c++ 
Build flags: 
Id flags: 

The output was:
0


Compilation of the CXX compiler identification source "CMakeCXXCompilerId.cpp" produced "a.out"

The CXX compiler identification is GNU, found in "/mnt/hgfs/Devel/clavin/dependency/build/CMakeFiles/2.8.10.2/CompilerIdCXX/a.out"

Determining if the C compiler works passed with the following output:
Change Dir: /mnt/hgfs/Devel/clavin/dependency/build/CMakeFiles/CMakeTmp

Run Build Command:/usr/bin/gmake "cmTryCompileExec1047936869/fast"
/usr/bin/gmake -f CMakeFiles/cmTryCompileExec1047936869.dir/build.make CMakeFiles/cmTryCompileExec1047936869.dir/build
gmake[1]: Entering directory `/mnt/hgfs/Devel/clavin/dependency/build/CMakeFiles/CMakeTmp'
/mnt/hgfs/Devel/avaa/pkg-Locktight/exports/bin/cmake -E cmake_progress_report /mnt/hgfs/Devel/clavin/dependency/build/CMakeFiles/CMakeTmp/CMakeFiles 1
Building C object CMakeFiles/cmTryCompileExec1047936869.dir/testCCompiler.c.o
/usr/bin/cc    -o CMakeFiles/cmTryCompileExec1047936869.dir/testCCompiler.c.o   -c /mnt/hgfs/Devel/clavin/dependency/build/CMakeFiles/CMakeTmp/testCCompiler.c
Linking C executable cmTryCompileExec1047936869
/mnt/hgfs/Devel/avaa/pkg-Locktight/exports/bin/cmake -E cmake_link_script CMakeFiles/cmTryCompileExec1047936869.dir/link.txt --verbose=1
/usr/bin/cc         CMakeFiles/cmTryCompileExec1047936869.dir/testCCompiler.c.o  -o cmTryCompileExec1047936869 -rdynamic 
gmake[1]: Leaving directory `/mnt/hgfs/Devel/clavin/dependency/build/CMakeFiles/CMakeTmp'


Detecting C compiler ABI info compiled with the following output:
Change Dir: /mnt/hgfs/Devel/clavin/dependency/build/CMakeFiles/CMakeTmp

Run Build Command:/usr/bin/gmake "cmTryCompileExec1935946756/fast"
/usr/bin/gmake -f CMakeFiles/cmTryCompileExec1935946756.dir/build.make CMakeFiles/cmTryCompileExec1935946756.dir/build
gmake[1]: Entering directory `/mnt/hgfs/Devel/clavin/dependency/build/CMakeFiles/CMakeTmp'
/mnt/hgfs/Devel/avaa/pkg-Locktight/exports/bin/cmake -E cmake_progress_report /mnt/hgfs/Devel/clavin/dependency/build/CMakeFiles/CMakeTmp/CMakeFiles 1
Building C object CMakeFiles/cmTryCompileExec1935946756.dir/CMakeCCompilerABI.c.o
/usr/bin/cc    -o CMakeFiles/cmTryCompileExec1935946756.dir/CMakeCCompilerABI.c.o   -c /mnt/hgfs/Devel/avaa/pkg-Locktight/exports/share/cmake-2.8/Modules/CMakeCCompilerABI.c
Linking C executable cmTryCompileExec1935946756
/mnt/hgfs/Devel/avaa/pkg-Locktight/exports/bin/cmake -E cmake_link_script CMakeFiles/cmTryCompileExec1935946756.dir/link.txt --verbose=1
/usr/bin/cc       -v CMakeFiles/cmTryCompileExec1935946756.dir/CMakeCCompilerABI.c.o  -o cmTryCompileExec1935946756 -rdynamic  
Using built-in specs.
Target: x86_64-redhat-linux
Configured with: ../configure --prefix=/usr --mandir=/usr/share/man --infodir=/usr/share/info --enable-shared --enable-threads=posix --enable-checking=release --with-system-zlib --enable-__cxa_atexit --disable-libunwind-exceptions --enable-libgcj-multifile --enable-languages=c,c++,objc,obj-c++,java,fortran,ada --enable-java-awt=gtk --disable-dssi --disable-plugin --with-java-home=/usr/lib/jvm/java-1.4.2-gcj-1.4.2.0/jre --with-cpu=generic --host=x86_64-redhat-linux
Thread model: posix
gcc version 4.1.2 20080704 (Red Hat 4.1.2-52)
 /usr/libexec/gcc/x86_64-redhat-linux/4.1.2/collect2 --eh-frame-hdr -m elf_x86_64 --hash-style=gnu -export-dynamic -dynamic-linker /lib64/ld-linux-x86-64.so.2 -o cmTryCompileExec1935946756 /usr/lib/gcc/x86_64-redhat-linux/4.1.2/../../../../lib64/crt1.o /usr/lib/gcc/x86_64-redhat-linux/4.1.2/../../../../lib64/crti.o /usr/lib/gcc/x86_64-redhat-linux/4.1.2/crtbegin.o -L/opt/intel/composer_xe_2013.1.117/compiler/lib/intel64 -L/opt/intel/composer_xe_2013.1.117/mkl/lib/intel64 -L/opt/intel/composer_xe_2013.1.117/ipp/../compiler/lib/intel64 -L/opt/intel/composer_xe_2013.1.117/ipp/lib/intel64 -L/usr/lib/gcc/x86_64-redhat-linux/4.1.2 -L/usr/lib/gcc/x86_64-redhat-linux/4.1.2 -L/usr/lib/gcc/x86_64-redhat-linux/4.1.2/../../../../lib64 -L/lib/../lib64 -L/usr/lib/../lib64 CMakeFiles/cmTryCompileExec1935946756.dir/CMakeCCompilerABI.c.o -lgcc --as-needed -lgcc_s --no-as-needed -lc -lgcc --as-needed -lgcc_s --no-as-needed /usr/lib/gcc/x86_64-redhat-linux/4.1.2/crtend.o /usr/lib/gcc/x86_64-redhat-linux/4.1.2/../../../../lib64/crtn.o
gmake[1]: Leaving directory `/mnt/hgfs/Devel/clavin/dependency/build/CMakeFiles/CMakeTmp'


Parsed C implicit link information from above output:
  link line regex: [^( *|.*[/\])(ld|ld|collect2)[^/\]*( |$)]
  ignore line: [Change Dir: /mnt/hgfs/Devel/clavin/dependency/build/CMakeFiles/CMakeTmp]
  ignore line: []
  ignore line: [Run Build Command:/usr/bin/gmake "cmTryCompileExec1935946756/fast"]
  ignore line: [/usr/bin/gmake -f CMakeFiles/cmTryCompileExec1935946756.dir/build.make CMakeFiles/cmTryCompileExec1935946756.dir/build]
  ignore line: [gmake[1]: Entering directory `/mnt/hgfs/Devel/clavin/dependency/build/CMakeFiles/CMakeTmp']
  ignore line: [/mnt/hgfs/Devel/avaa/pkg-Locktight/exports/bin/cmake -E cmake_progress_report /mnt/hgfs/Devel/clavin/dependency/build/CMakeFiles/CMakeTmp/CMakeFiles 1]
  ignore line: [Building C object CMakeFiles/cmTryCompileExec1935946756.dir/CMakeCCompilerABI.c.o]
  ignore line: [/usr/bin/cc    -o CMakeFiles/cmTryCompileExec1935946756.dir/CMakeCCompilerABI.c.o   -c /mnt/hgfs/Devel/avaa/pkg-Locktight/exports/share/cmake-2.8/Modules/CMakeCCompilerABI.c]
  ignore line: [Linking C executable cmTryCompileExec1935946756]
  ignore line: [/mnt/hgfs/Devel/avaa/pkg-Locktight/exports/bin/cmake -E cmake_link_script CMakeFiles/cmTryCompileExec1935946756.dir/link.txt --verbose=1]
  ignore line: [/usr/bin/cc       -v CMakeFiles/cmTryCompileExec1935946756.dir/CMakeCCompilerABI.c.o  -o cmTryCompileExec1935946756 -rdynamic  ]
  ignore line: [Using built-in specs.]
  ignore line: [Target: x86_64-redhat-linux]
  ignore line: [Configured with: ../configure --prefix=/usr --mandir=/usr/share/man --infodir=/usr/share/info --enable-shared --enable-threads=posix --enable-checking=release --with-system-zlib --enable-__cxa_atexit --disable-libunwind-exceptions --enable-libgcj-multifile --enable-languages=c,c++,objc,obj-c++,java,fortran,ada --enable-java-awt=gtk --disable-dssi --disable-plugin --with-java-home=/usr/lib/jvm/java-1.4.2-gcj-1.4.2.0/jre --with-cpu=generic --host=x86_64-redhat-linux]
  ignore line: [Thread model: posix]
  ignore line: [gcc version 4.1.2 20080704 (Red Hat 4.1.2-52)]
  link line: [ /usr/libexec/gcc/x86_64-redhat-linux/4.1.2/collect2 --eh-frame-hdr -m elf_x86_64 --hash-style=gnu -export-dynamic -dynamic-linker /lib64/ld-linux-x86-64.so.2 -o cmTryCompileExec1935946756 /usr/lib/gcc/x86_64-redhat-linux/4.1.2/../../../../lib64/crt1.o /usr/lib/gcc/x86_64-redhat-linux/4.1.2/../../../../lib64/crti.o /usr/lib/gcc/x86_64-redhat-linux/4.1.2/crtbegin.o -L/opt/intel/composer_xe_2013.1.117/compiler/lib/intel64 -L/opt/intel/composer_xe_2013.1.117/mkl/lib/intel64 -L/opt/intel/composer_xe_2013.1.117/ipp/../compiler/lib/intel64 -L/opt/intel/composer_xe_2013.1.117/ipp/lib/intel64 -L/usr/lib/gcc/x86_64-redhat-linux/4.1.2 -L/usr/lib/gcc/x86_64-redhat-linux/4.1.2 -L/usr/lib/gcc/x86_64-redhat-linux/4.1.2/../../../../lib64 -L/lib/../lib64 -L/usr/lib/../lib64 CMakeFiles/cmTryCompileExec1935946756.dir/CMakeCCompilerABI.c.o -lgcc --as-needed -lgcc_s --no-as-needed -lc -lgcc --as-needed -lgcc_s --no-as-needed /usr/lib/gcc/x86_64-redhat-linux/4.1.2/crtend.o /usr/lib/gcc/x86_64-redhat-linux/4.1.2/../../../../lib64/crtn.o]
    arg [/usr/libexec/gcc/x86_64-redhat-linux/4.1.2/collect2] ==> ignore
    arg [--eh-frame-hdr] ==> ignore
    arg [-m] ==> ignore
    arg [elf_x86_64] ==> ignore
    arg [--hash-style=gnu] ==> ignore
    arg [-export-dynamic] ==> ignore
    arg [-dynamic-linker] ==> ignore
    arg [/lib64/ld-linux-x86-64.so.2] ==> ignore
    arg [-o] ==> ignore
    arg [cmTryCompileExec1935946756] ==> ignore
    arg [/usr/lib/gcc/x86_64-redhat-linux/4.1.2/../../../../lib64/crt1.o] ==> ignore
    arg [/usr/lib/gcc/x86_64-redhat-linux/4.1.2/../../../../lib64/crti.o] ==> ignore
    arg [/usr/lib/gcc/x86_64-redhat-linux/4.1.2/crtbegin.o] ==> ignore
    arg [-L/opt/intel/composer_xe_2013.1.117/compiler/lib/intel64] ==> dir [/opt/intel/composer_xe_2013.1.117/compiler/lib/intel64]
    arg [-L/opt/intel/composer_xe_2013.1.117/mkl/lib/intel64] ==> dir [/opt/intel/composer_xe_2013.1.117/mkl/lib/intel64]
    arg [-L/opt/intel/composer_xe_2013.1.117/ipp/../compiler/lib/intel64] ==> dir [/opt/intel/composer_xe_2013.1.117/ipp/../compiler/lib/intel64]
    arg [-L/opt/intel/composer_xe_2013.1.117/ipp/lib/intel64] ==> dir [/opt/intel/composer_xe_2013.1.117/ipp/lib/intel64]
    arg [-L/usr/lib/gcc/x86_64-redhat-linux/4.1.2] ==> dir [/usr/lib/gcc/x86_64-redhat-linux/4.1.2]
    arg [-L/usr/lib/gcc/x86_64-redhat-linux/4.1.2] ==> dir [/usr/lib/gcc/x86_64-redhat-linux/4.1.2]
    arg [-L/usr/lib/gcc/x86_64-redhat-linux/4.1.2/../../../../lib64] ==> dir [/usr/lib/gcc/x86_64-redhat-linux/4.1.2/../../../../lib64]
    arg [-L/lib/../lib64] ==> dir [/lib/../lib64]
    arg [-L/usr/lib/../lib64] ==> dir [/usr/lib/../lib64]
    arg [CMakeFiles/cmTryCompileExec1935946756.dir/CMakeCCompilerABI.c.o] ==> ignore
    arg [-lgcc] ==> lib [gcc]
    arg [--as-needed] ==> ignore
    arg [-lgcc_s] ==> lib [gcc_s]
    arg [--no-as-needed] ==> ignore
    arg [-lc] ==> lib [c]
    arg [-lgcc] ==> lib [gcc]
    arg [--as-needed] ==> ignore
    arg [-lgcc_s] ==> lib [gcc_s]
    arg [--no-as-needed] ==> ignore
    arg [/usr/lib/gcc/x86_64-redhat-linux/4.1.2/crtend.o] ==> ignore
    arg [/usr/lib/gcc/x86_64-redhat-linux/4.1.2/../../../../lib64/crtn.o] ==> ignore
  remove lib [gcc]
  remove lib [gcc_s]
  remove lib [gcc]
  remove lib [gcc_s]
  collapse dir [/opt/intel/composer_xe_2013.1.117/compiler/lib/intel64] ==> [/opt/intel/composer_xe_2013.1.117/compiler/lib/intel64]
  collapse dir [/opt/intel/composer_xe_2013.1.117/mkl/lib/intel64] ==> [/opt/intel/composer_xe_2013.1.117/mkl/lib/intel64]
  collapse dir [/opt/intel/composer_xe_2013.1.117/ipp/../compiler/lib/intel64] ==> [/opt/intel/composer_xe_2013.1.117/compiler/lib/intel64]
  collapse dir [/opt/intel/composer_xe_2013.1.117/ipp/lib/intel64] ==> [/opt/intel/composer_xe_2013.1.117/ipp/lib/intel64]
  collapse dir [/usr/lib/gcc/x86_64-redhat-linux/4.1.2] ==> [/usr/lib/gcc/x86_64-redhat-linux/4.1.2]
  collapse dir [/usr/lib/gcc/x86_64-redhat-linux/4.1.2] ==> [/usr/lib/gcc/x86_64-redhat-linux/4.1.2]
  collapse dir [/usr/lib/gcc/x86_64-redhat-linux/4.1.2/../../../../lib64] ==> [/usr/lib64]
  collapse dir [/lib/../lib64] ==> [/lib64]
  collapse dir [/usr/lib/../lib64] ==> [/usr/lib64]
  implicit libs: [c]
  implicit dirs: [/opt/intel/composer_xe_2013.1.117/compiler/lib/intel64;/opt/intel/composer_xe_2013.1.117/mkl/lib/intel64;/opt/intel/composer_xe_2013.1.117/ipp/lib/intel64;/usr/lib/gcc/x86_64-redhat-linux/4.1.2;/usr/lib64;/lib64]


Determining if the CXX compiler works passed with the following output:
Change Dir: /mnt/hgfs/Devel/clavin/dependency/build/CMakeFiles/CMakeTmp

Run Build Command:/usr/bin/gmake "cmTryCompileExec713098456/fast"
/usr/bin/gmake -f CMakeFiles/cmTryCompileExec713098456.dir/build.make CMakeFiles/cmTryCompileExec713098456.dir/build
gmake[1]: Entering directory `/mnt/hgfs/Devel/clavin/dependency/build/CMakeFiles/CMakeTmp'
/mnt/hgfs/Devel/avaa/pkg-Locktight/exports/bin/cmake -E cmake_progress_report /mnt/hgfs/Devel/clavin/dependency/build/CMakeFiles/CMakeTmp/CMakeFiles 1
Building CXX object CMakeFiles/cmTryCompileExec713098456.dir/testCXXCompiler.cxx.o
/usr/bin/c++     -o CMakeFiles/cmTryCompileExec713098456.dir/testCXXCompiler.cxx.o -c /mnt/hgfs/Devel/clavin/dependency/build/CMakeFiles/CMakeTmp/testCXXCompiler.cxx
Linking CXX executable cmTryCompileExec713098456
/mnt/hgfs/Devel/avaa/pkg-Locktight/exports/bin/cmake -E cmake_link_script CMakeFiles/cmTryCompileExec713098456.dir/link.txt --verbose=1
/usr/bin/c++          CMakeFiles/cmTryCompileExec713098456.dir/testCXXCompiler.cxx.o  -o cmTryCompileExec713098456 -rdynamic 
gmake[1]: Leaving directory `/mnt/hgfs/Devel/clavin/dependency/build/CMakeFiles/CMakeTmp'


Detecting CXX compiler ABI info compiled with the following output:
Change Dir: /mnt/hgfs/Devel/clavin/dependency/build/CMakeFiles/CMakeTmp

Run Build Command:/usr/bin/gmake "cmTryCompileExec2500033020/fast"
/usr/bin/gmake -f CMakeFiles/cmTryCompileExec2500033020.dir/build.make CMakeFiles/cmTryCompileExec2500033020.dir/build
gmake[1]: Entering directory `/mnt/hgfs/Devel/clavin/dependency/build/CMakeFiles/CMakeTmp'
/mnt/hgfs/Devel/avaa/pkg-Locktight/exports/bin/cmake -E cmake_progress_report /mnt/hgfs/Devel/clavin/dependency/build/CMakeFiles/CMakeTmp/CMakeFiles 1
Building CXX object CMakeFiles/cmTryCompileExec2500033020.dir/CMakeCXXCompilerABI.cpp.o
/usr/bin/c++     -o CMakeFiles/cmTryCompileExec2500033020.dir/CMakeCXXCompilerABI.cpp.o -c /mnt/hgfs/Devel/avaa/pkg-Locktight/exports/share/cmake-2.8/Modules/CMakeCXXCompilerABI.cpp
Linking CXX executable cmTryCompileExec2500033020
/mnt/hgfs/Devel/avaa/pkg-Locktight/exports/bin/cmake -E cmake_link_script CMakeFiles/cmTryCompileExec2500033020.dir/link.txt --verbose=1
/usr/bin/c++        -v CMakeFiles/cmTryCompileExec2500033020.dir/CMakeCXXCompilerABI.cpp.o  -o cmTryCompileExec2500033020 -rdynamic  
Using built-in specs.
Target: x86_64-redhat-linux
Configured with: ../configure --prefix=/usr --mandir=/usr/share/man --infodir=/usr/share/info --enable-shared --enable-threads=posix --enable-checking=release --with-system-zlib --enable-__cxa_atexit --disable-libunwind-exceptions --enable-libgcj-multifile --enable-languages=c,c++,objc,obj-c++,java,fortran,ada --enable-java-awt=gtk --disable-dssi --disable-plugin --with-java-home=/usr/lib/jvm/java-1.4.2-gcj-1.4.2.0/jre --with-cpu=generic --host=x86_64-redhat-linux
Thread model: posix
gcc version 4.1.2 20080704 (Red Hat 4.1.2-52)
 /usr/libexec/gcc/x86_64-redhat-linux/4.1.2/collect2 --eh-frame-hdr -m elf_x86_64 --hash-style=gnu -export-dynamic -dynamic-linker /lib64/ld-linux-x86-64.so.2 -o cmTryCompileExec2500033020 /usr/lib/gcc/x86_64-redhat-linux/4.1.2/../../../../lib64/crt1.o /usr/lib/gcc/x86_64-redhat-linux/4.1.2/../../../../lib64/crti.o /usr/lib/gcc/x86_64-redhat-linux/4.1.2/crtbegin.o -L/opt/intel/composer_xe_2013.1.117/compiler/lib/intel64 -L/opt/intel/composer_xe_2013.1.117/mkl/lib/intel64 -L/opt/intel/composer_xe_2013.1.117/ipp/../compiler/lib/intel64 -L/opt/intel/composer_xe_2013.1.117/ipp/lib/intel64 -L/usr/lib/gcc/x86_64-redhat-linux/4.1.2 -L/usr/lib/gcc/x86_64-redhat-linux/4.1.2 -L/usr/lib/gcc/x86_64-redhat-linux/4.1.2/../../../../lib64 -L/lib/../lib64 -L/usr/lib/../lib64 CMakeFiles/cmTryCompileExec2500033020.dir/CMakeCXXCompilerABI.cpp.o -lstdc++ -lm -lgcc_s -lgcc -lc -lgcc_s -lgcc /usr/lib/gcc/x86_64-redhat-linux/4.1.2/crtend.o /usr/lib/gcc/x86_64-redhat-linux/4.1.2/../../../../lib64/crtn.o
gmake[1]: Leaving directory `/mnt/hgfs/Devel/clavin/dependency/build/CMakeFiles/CMakeTmp'


Parsed CXX implicit link information from above output:
  link line regex: [^( *|.*[/\])(ld|ld|collect2)[^/\]*( |$)]
  ignore line: [Change Dir: /mnt/hgfs/Devel/clavin/dependency/build/CMakeFiles/CMakeTmp]
  ignore line: []
  ignore line: [Run Build Command:/usr/bin/gmake "cmTryCompileExec2500033020/fast"]
  ignore line: [/usr/bin/gmake -f CMakeFiles/cmTryCompileExec2500033020.dir/build.make CMakeFiles/cmTryCompileExec2500033020.dir/build]
  ignore line: [gmake[1]: Entering directory `/mnt/hgfs/Devel/clavin/dependency/build/CMakeFiles/CMakeTmp']
  ignore line: [/mnt/hgfs/Devel/avaa/pkg-Locktight/exports/bin/cmake -E cmake_progress_report /mnt/hgfs/Devel/clavin/dependency/build/CMakeFiles/CMakeTmp/CMakeFiles 1]
  ignore line: [Building CXX object CMakeFiles/cmTryCompileExec2500033020.dir/CMakeCXXCompilerABI.cpp.o]
  ignore line: [/usr/bin/c++     -o CMakeFiles/cmTryCompileExec2500033020.dir/CMakeCXXCompilerABI.cpp.o -c /mnt/hgfs/Devel/avaa/pkg-Locktight/exports/share/cmake-2.8/Modules/CMakeCXXCompilerABI.cpp]
  ignore line: [Linking CXX executable cmTryCompileExec2500033020]
  ignore line: [/mnt/hgfs/Devel/avaa/pkg-Locktight/exports/bin/cmake -E cmake_link_script CMakeFiles/cmTryCompileExec2500033020.dir/link.txt --verbose=1]
  ignore line: [/usr/bin/c++        -v CMakeFiles/cmTryCompileExec2500033020.dir/CMakeCXXCompilerABI.cpp.o  -o cmTryCompileExec2500033020 -rdynamic  ]
  ignore line: [Using built-in specs.]
  ignore line: [Target: x86_64-redhat-linux]
  ignore line: [Configured with: ../configure --prefix=/usr --mandir=/usr/share/man --infodir=/usr/share/info --enable-shared --enable-threads=posix --enable-checking=release --with-system-zlib --enable-__cxa_atexit --disable-libunwind-exceptions --enable-libgcj-multifile --enable-languages=c,c++,objc,obj-c++,java,fortran,ada --enable-java-awt=gtk --disable-dssi --disable-plugin --with-java-home=/usr/lib/jvm/java-1.4.2-gcj-1.4.2.0/jre --with-cpu=generic --host=x86_64-redhat-linux]
  ignore line: [Thread model: posix]
  ignore line: [gcc version 4.1.2 20080704 (Red Hat 4.1.2-52)]
  link line: [ /usr/libexec/gcc/x86_64-redhat-linux/4.1.2/collect2 --eh-frame-hdr -m elf_x86_64 --hash-style=gnu -export-dynamic -dynamic-linker /lib64/ld-linux-x86-64.so.2 -o cmTryCompileExec2500033020 /usr/lib/gcc/x86_64-redhat-linux/4.1.2/../../../../lib64/crt1.o /usr/lib/gcc/x86_64-redhat-linux/4.1.2/../../../../lib64/crti.o /usr/lib/gcc/x86_64-redhat-linux/4.1.2/crtbegin.o -L/opt/intel/composer_xe_2013.1.117/compiler/lib/intel64 -L/opt/intel/composer_xe_2013.1.117/mkl/lib/intel64 -L/opt/intel/composer_xe_2013.1.117/ipp/../compiler/lib/intel64 -L/opt/intel/composer_xe_2013.1.117/ipp/lib/intel64 -L/usr/lib/gcc/x86_64-redhat-linux/4.1.2 -L/usr/lib/gcc/x86_64-redhat-linux/4.1.2 -L/usr/lib/gcc/x86_64-redhat-linux/4.1.2/../../../../lib64 -L/lib/../lib64 -L/usr/lib/../lib64 CMakeFiles/cmTryCompileExec2500033020.dir/CMakeCXXCompilerABI.cpp.o -lstdc++ -lm -lgcc_s -lgcc -lc -lgcc_s -lgcc /usr/lib/gcc/x86_64-redhat-linux/4.1.2/crtend.o /usr/lib/gcc/x86_64-redhat-linux/4.1.2/../../../../lib64/crtn.o]
    arg [/usr/libexec/gcc/x86_64-redhat-linux/4.1.2/collect2] ==> ignore
    arg [--eh-frame-hdr] ==> ignore
    arg [-m] ==> ignore
    arg [elf_x86_64] ==> ignore
    arg [--hash-style=gnu] ==> ignore
    arg [-export-dynamic] ==> ignore
    arg [-dynamic-linker] ==> ignore
    arg [/lib64/ld-linux-x86-64.so.2] ==> ignore
    arg [-o] ==> ignore
    arg [cmTryCompileExec2500033020] ==> ignore
    arg [/usr/lib/gcc/x86_64-redhat-linux/4.1.2/../../../../lib64/crt1.o] ==> ignore
    arg [/usr/lib/gcc/x86_64-redhat-linux/4.1.2/../../../../lib64/crti.o] ==> ignore
    arg [/usr/lib/gcc/x86_64-redhat-linux/4.1.2/crtbegin.o] ==> ignore
    arg [-L/opt/intel/composer_xe_2013.1.117/compiler/lib/intel64] ==> dir [/opt/intel/composer_xe_2013.1.117/compiler/lib/intel64]
    arg [-L/opt/intel/composer_xe_2013.1.117/mkl/lib/intel64] ==> dir [/opt/intel/composer_xe_2013.1.117/mkl/lib/intel64]
    arg [-L/opt/intel/composer_xe_2013.1.117/ipp/../compiler/lib/intel64] ==> dir [/opt/intel/composer_xe_2013.1.117/ipp/../compiler/lib/intel64]
    arg [-L/opt/intel/composer_xe_2013.1.117/ipp/lib/intel64] ==> dir [/opt/intel/composer_xe_2013.1.117/ipp/lib/intel64]
    arg [-L/usr/lib/gcc/x86_64-redhat-linux/4.1.2] ==> dir [/usr/lib/gcc/x86_64-redhat-linux/4.1.2]
    arg [-L/usr/lib/gcc/x86_64-redhat-linux/4.1.2] ==> dir [/usr/lib/gcc/x86_64-redhat-linux/4.1.2]
    arg [-L/usr/lib/gcc/x86_64-redhat-linux/4.1.2/../../../../lib64] ==> dir [/usr/lib/gcc/x86_64-redhat-linux/4.1.2/../../../../lib64]
    arg [-L/lib/../lib64] ==> dir [/lib/../lib64]
    arg [-L/usr/lib/../lib64] ==> dir [/usr/lib/../lib64]
    arg [CMakeFiles/cmTryCompileExec2500033020.dir/CMakeCXXCompilerABI.cpp.o] ==> ignore
    arg [-lstdc++] ==> lib [stdc++]
    arg [-lm] ==> lib [m]
    arg [-lgcc_s] ==> lib [gcc_s]
    arg [-lgcc] ==> lib [gcc]
    arg [-lc] ==> lib [c]
    arg [-lgcc_s] ==> lib [gcc_s]
    arg [-lgcc] ==> lib [gcc]
    arg [/usr/lib/gcc/x86_64-redhat-linux/4.1.2/crtend.o] ==> ignore
    arg [/usr/lib/gcc/x86_64-redhat-linux/4.1.2/../../../../lib64/crtn.o] ==> ignore
  remove lib [gcc_s]
  remove lib [gcc]
  remove lib [gcc_s]
  remove lib [gcc]
  collapse dir [/opt/intel/composer_xe_2013.1.117/compiler/lib/intel64] ==> [/opt/intel/composer_xe_2013.1.117/compiler/lib/intel64]
  collapse dir [/opt/intel/composer_xe_2013.1.117/mkl/lib/intel64] ==> [/opt/intel/composer_xe_2013.1.117/mkl/lib/intel64]
  collapse dir [/opt/intel/composer_xe_2013.1.117/ipp/../compiler/lib/intel64] ==> [/opt/intel/composer_xe_2013.1.117/compiler/lib/intel64]
  collapse dir [/opt/intel/composer_xe_2013.1.117/ipp/lib/intel64] ==> [/opt/intel/composer_xe_2013.1.117/ipp/lib/intel64]
  collapse dir [/usr/lib/gcc/x86_64-redhat-linux/4.1.2] ==> [/usr/lib/gcc/x86_64-redhat-linux/4.1.2]
  collapse dir [/usr/lib/gcc/x86_64-redhat-linux/4.1.2] ==> [/usr/lib/gcc/x86_64-redhat-linux/4.1.2]
  collapse dir [/usr/lib/gcc/x86_64-redhat-linux/4.1.2/../../../../lib64] ==> [/usr/lib64]
  collapse dir [/lib/../lib64] ==> [/lib64]
  collapse dir [/usr/lib/../lib64] ==> [/usr/lib64]
  implicit libs: [stdc++;m;c]
  implicit dirs: [/opt/intel/composer_xe_2013.1.117/compiler/lib/intel64;/opt/intel/composer_xe_2013.1.117/mkl/lib/intel64;/opt/intel/composer_xe_2013.1.117/ipp/lib/intel64;/usr/lib/gcc/x86_64-redhat-linux/4.1.2;/usr/lib64;/lib64]


Determining if files pthread.h exist passed with the following output:
Change Dir: /mnt/hgfs/Devel/clavin/dependency/build/CMakeFiles/CMakeTmp

Run Build Command:/usr/bin/gmake "cmTryCompileExec2339390047/fast"
/usr/bin/gmake -f CMakeFiles/cmTryCompileExec2339390047.dir/build.make CMakeFiles/cmTryCompileExec2339390047.dir/build
gmake[1]: Entering directory `/mnt/hgfs/Devel/clavin/dependency/build/CMakeFiles/CMakeTmp'
/mnt/hgfs/Devel/avaa/pkg-Locktight/exports/bin/cmake -E cmake_progress_report /mnt/hgfs/Devel/clavin/dependency/build/CMakeFiles/CMakeTmp/CMakeFiles 1
Building C object CMakeFiles/cmTryCompileExec2339390047.dir/CheckIncludeFiles.c.o
/usr/bin/cc    -o CMakeFiles/cmTryCompileExec2339390047.dir/CheckIncludeFiles.c.o   -c /mnt/hgfs/Devel/clavin/dependency/build/CMakeFiles/CMakeTmp/CheckIncludeFiles.c
Linking C executable cmTryCompileExec2339390047
/mnt/hgfs/Devel/avaa/pkg-Locktight/exports/bin/cmake -E cmake_link_script CMakeFiles/cmTryCompileExec2339390047.dir/link.txt --verbose=1
/usr/bin/cc         CMakeFiles/cmTryCompileExec2339390047.dir/CheckIncludeFiles.c.o  -o cmTryCompileExec2339390047 -rdynamic 
gmake[1]: Leaving directory `/mnt/hgfs/Devel/clavin/dependency/build/CMakeFiles/CMakeTmp'


Determining if the function pthread_create exists in the pthread passed with the following output:
Change Dir: /mnt/hgfs/Devel/clavin/dependency/build/CMakeFiles/CMakeTmp

Run Build Command:/usr/bin/gmake "cmTryCompileExec3454914353/fast"
/usr/bin/gmake -f CMakeFiles/cmTryCompileExec3454914353.dir/build.make CMakeFiles/cmTryCompileExec3454914353.dir/build
gmake[1]: Entering directory `/mnt/hgfs/Devel/clavin/dependency/build/CMakeFiles/CMakeTmp'
/mnt/hgfs/Devel/avaa/pkg-Locktight/exports/bin/cmake -E cmake_progress_report /mnt/hgfs/Devel/clavin/dependency/build/CMakeFiles/CMakeTmp/CMakeFiles 1
Building C object CMakeFiles/cmTryCompileExec3454914353.dir/CheckFunctionExists.c.o
/usr/bin/cc   -DCHECK_FUNCTION_EXISTS=pthread_create   -o CMakeFiles/cmTryCompileExec3454914353.dir/CheckFunctionExists.c.o   -c /mnt/hgfs/Devel/avaa/pkg-Locktight/exports/share/cmake-2.8/Modules/CheckFunctionExists.c
Linking C executable cmTryCompileExec3454914353
/mnt/hgfs/Devel/avaa/pkg-Locktight/exports/bin/cmake -E cmake_link_script CMakeFiles/cmTryCompileExec3454914353.dir/link.txt --verbose=1
/usr/bin/cc     -DCHECK_FUNCTION_EXISTS=pthread_create    CMakeFiles/cmTryCompileExec3454914353.dir/CheckFunctionExists.c.o  -o cmTryCompileExec3454914353 -rdynamic -lpthread 
gmake[1]: Leaving directory `/mnt/hgfs/Devel/clavin/dependency/build/CMakeFiles/CMakeTmp'


